<?xml version="1.0" encoding="UTF-8"?>
<testng-results skipped="0" failed="0" ignored="0" total="1" passed="1">
  <reporter-output>
  </reporter-output>
  <suite name="Suite" duration-ms="25002" started-at="2021-06-09T22:28:48 EDT" finished-at="2021-06-09T22:29:13 EDT">
    <groups>
    </groups>
    <test name="Test" duration-ms="25002" started-at="2021-06-09T22:28:48 EDT" finished-at="2021-06-09T22:29:13 EDT">
      <class name="com.Website.ExtentReport.ExtentReportTestNG1">
        <test-method status="PASS" signature="ERconfig()[pri:0, instance:com.Website.ExtentReport.ExtentReportTestNG1@2286778]" name="ERconfig" is-config="true" duration-ms="1647" started-at="2021-06-09T22:28:48 EDT" finished-at="2021-06-09T22:28:50 EDT">
          <reporter-output>
          </reporter-output>
        </test-method> <!-- ERconfig -->
        <test-method status="PASS" signature="checktitle()[pri:0, instance:com.Website.ExtentReport.ExtentReportTestNG1@2286778]" name="checktitle" duration-ms="22993" started-at="2021-06-09T22:28:50 EDT" finished-at="2021-06-09T22:29:13 EDT">
          <reporter-output>
          </reporter-output>
        </test-method> <!-- checktitle -->
      </class> <!-- com.Website.ExtentReport.ExtentReportTestNG1 -->
    </test> <!-- Test -->
  </suite> <!-- Suite -->
</testng-results>
